29/09/2014 09:48:08 (Std) 	+-+-+-+-+-+-+-+-+-+-+-+-+-+-+-+-+-+-+-+-+-+-+-+-+-+-+-+-+-+-+-+-+-+-+-+-+-+-+-+
29/09/2014 09:48:08 (Std) 	+                     Crazy Eddie's GUI System - Event log                    +
29/09/2014 09:48:08 (Std) 	+                          (http://www.cegui.org.uk/)                         +
29/09/2014 09:48:08 (Std) 	+-+-+-+-+-+-+-+-+-+-+-+-+-+-+-+-+-+-+-+-+-+-+-+-+-+-+-+-+-+-+-+-+-+-+-+-+-+-+-+

29/09/2014 09:48:08 (Std) 	CEGUI::Logger singleton created. (05170E20)
29/09/2014 09:48:08 (Std) 	
29/09/2014 09:48:08 (Std) 	********************************************************************************
29/09/2014 09:48:08 (Std) 	* Important:                                                                   *
29/09/2014 09:48:08 (Std) 	*     To get support at the CEGUI forums, you must post _at least_ the section *
29/09/2014 09:48:08 (Std) 	*     of this log file indicated below.  Failure to do this will result in no  *
29/09/2014 09:48:08 (Std) 	*     support being given; please do not waste our time.                       *
29/09/2014 09:48:08 (Std) 	********************************************************************************
29/09/2014 09:48:08 (Std) 	********************************************************************************
29/09/2014 09:48:08 (Std) 	* -------- START OF ESSENTIAL SECTION TO BE POSTED ON THE FORUM       -------- *
29/09/2014 09:48:08 (Std) 	********************************************************************************
29/09/2014 09:48:08 (Std) 	---- Version: 0.8.4 (Build: Sep 25 2014 Microsoft Windows MSVC++ 11.0 32 bit) ----
29/09/2014 09:48:08 (Std) 	---- Renderer module is: CEGUI::OpenGL3Renderer - Official OpenGL 3.2 core based renderer module.  TextureTarget support enabled via FBO OGL 3.2 core implementation. ----
29/09/2014 09:48:08 (Std) 	---- XML Parser module is: CEGUI::ExpatParser - Official expat based parser module for CEGUI ----
29/09/2014 09:48:08 (Std) 	---- Image Codec module is: SILLYImageCodec - Official SILLY based image codec ----
29/09/2014 09:48:08 (Std) 	---- Scripting module is: None ----
29/09/2014 09:48:08 (Std) 	********************************************************************************
29/09/2014 09:48:08 (Std) 	* -------- END OF ESSENTIAL SECTION TO BE POSTED ON THE FORUM         -------- *
29/09/2014 09:48:08 (Std) 	********************************************************************************
29/09/2014 09:48:08 (Std) 	
29/09/2014 09:48:08 (Std) 	---- Begining CEGUI System initialisation ----
29/09/2014 09:48:08 (Std) 	[CEGUI::ImageManager] Singleton created (038B5BE8)
29/09/2014 09:48:08 (Std) 	[CEGUI::ImageManager] Registered Image type: BasicImage
29/09/2014 09:48:08 (Std) 	CEGUI::FontManager singleton created. (05170D60)
29/09/2014 09:48:08 (Std) 	CEGUI::WindowFactoryManager singleton created
29/09/2014 09:48:08 (Std) 	CEGUI::WindowManager singleton created (0061C998)
29/09/2014 09:48:08 (Std) 	CEGUI::SchemeManager singleton created. (051594D0)
29/09/2014 09:48:08 (Std) 	CEGUI::GlobalEventSet singleton created. (0514B700)
29/09/2014 09:48:08 (Std) 	CEGUI::AnimationManager singleton created (005DA2A0)
29/09/2014 09:48:08 (Std) 	CEGUI::WidgetLookManager singleton created. (0514EFC8)
29/09/2014 09:48:08 (Std) 	CEGUI::WindowRendererManager singleton created (0514EFB0)
29/09/2014 09:48:08 (Std) 	CEGUI::RenderEffectManager singleton created (0514B740)
29/09/2014 09:48:08 (Std) 	Created WindowFactory for 'DefaultWindow' windows.
29/09/2014 09:48:08 (Std) 	WindowFactory for 'DefaultWindow' windows added. (038A7C10)
29/09/2014 09:48:08 (Std) 	Created WindowFactory for 'DragContainer' windows.
29/09/2014 09:48:08 (Std) 	WindowFactory for 'DragContainer' windows added. (038A7CB8)
29/09/2014 09:48:08 (Std) 	Created WindowFactory for 'ScrolledContainer' windows.
29/09/2014 09:48:08 (Std) 	WindowFactory for 'ScrolledContainer' windows added. (038A7D60)
29/09/2014 09:48:08 (Std) 	Created WindowFactory for 'ClippedContainer' windows.
29/09/2014 09:48:08 (Std) 	WindowFactory for 'ClippedContainer' windows added. (038A7E08)
29/09/2014 09:48:08 (Std) 	Created WindowFactory for 'CEGUI/PushButton' windows.
29/09/2014 09:48:08 (Std) 	WindowFactory for 'CEGUI/PushButton' windows added. (038A7EB0)
29/09/2014 09:48:08 (Std) 	Created WindowFactory for 'CEGUI/RadioButton' windows.
29/09/2014 09:48:08 (Std) 	WindowFactory for 'CEGUI/RadioButton' windows added. (038A7F58)
29/09/2014 09:48:08 (Std) 	Created WindowFactory for 'CEGUI/Combobox' windows.
29/09/2014 09:48:08 (Std) 	WindowFactory for 'CEGUI/Combobox' windows added. (038A8000)
29/09/2014 09:48:08 (Std) 	Created WindowFactory for 'CEGUI/ComboDropList' windows.
29/09/2014 09:48:08 (Std) 	WindowFactory for 'CEGUI/ComboDropList' windows added. (038A80A8)
29/09/2014 09:48:08 (Std) 	Created WindowFactory for 'CEGUI/Editbox' windows.
29/09/2014 09:48:08 (Std) 	WindowFactory for 'CEGUI/Editbox' windows added. (038A8150)
29/09/2014 09:48:08 (Std) 	Created WindowFactory for 'CEGUI/FrameWindow' windows.
29/09/2014 09:48:08 (Std) 	WindowFactory for 'CEGUI/FrameWindow' windows added. (038A81F8)
29/09/2014 09:48:08 (Std) 	Created WindowFactory for 'CEGUI/ItemEntry' windows.
29/09/2014 09:48:08 (Std) 	WindowFactory for 'CEGUI/ItemEntry' windows added. (038A82A0)
29/09/2014 09:48:08 (Std) 	Created WindowFactory for 'CEGUI/Listbox' windows.
29/09/2014 09:48:08 (Std) 	WindowFactory for 'CEGUI/Listbox' windows added. (038A8348)
29/09/2014 09:48:08 (Std) 	Created WindowFactory for 'CEGUI/ListHeader' windows.
29/09/2014 09:48:08 (Std) 	WindowFactory for 'CEGUI/ListHeader' windows added. (038A83F0)
29/09/2014 09:48:08 (Std) 	Created WindowFactory for 'CEGUI/ListHeaderSegment' windows.
29/09/2014 09:48:08 (Std) 	WindowFactory for 'CEGUI/ListHeaderSegment' windows added. (038A8498)
29/09/2014 09:48:08 (Std) 	Created WindowFactory for 'CEGUI/Menubar' windows.
29/09/2014 09:48:08 (Std) 	WindowFactory for 'CEGUI/Menubar' windows added. (038A8540)
29/09/2014 09:48:08 (Std) 	Created WindowFactory for 'CEGUI/PopupMenu' windows.
29/09/2014 09:48:08 (Std) 	WindowFactory for 'CEGUI/PopupMenu' windows added. (038A85E8)
29/09/2014 09:48:08 (Std) 	Created WindowFactory for 'CEGUI/MenuItem' windows.
29/09/2014 09:48:08 (Std) 	WindowFactory for 'CEGUI/MenuItem' windows added. (038A8690)
29/09/2014 09:48:08 (Std) 	Created WindowFactory for 'CEGUI/MultiColumnList' windows.
29/09/2014 09:48:08 (Std) 	WindowFactory for 'CEGUI/MultiColumnList' windows added. (038A8738)
29/09/2014 09:48:08 (Std) 	Created WindowFactory for 'CEGUI/MultiLineEditbox' windows.
29/09/2014 09:48:08 (Std) 	WindowFactory for 'CEGUI/MultiLineEditbox' windows added. (038A87E0)
29/09/2014 09:48:08 (Std) 	Created WindowFactory for 'CEGUI/ProgressBar' windows.
29/09/2014 09:48:08 (Std) 	WindowFactory for 'CEGUI/ProgressBar' windows added. (038A8888)
29/09/2014 09:48:08 (Std) 	Created WindowFactory for 'CEGUI/ScrollablePane' windows.
29/09/2014 09:48:08 (Std) 	WindowFactory for 'CEGUI/ScrollablePane' windows added. (038A8930)
29/09/2014 09:48:08 (Std) 	Created WindowFactory for 'CEGUI/Scrollbar' windows.
29/09/2014 09:48:08 (Std) 	WindowFactory for 'CEGUI/Scrollbar' windows added. (038A89D8)
29/09/2014 09:48:08 (Std) 	Created WindowFactory for 'CEGUI/Slider' windows.
29/09/2014 09:48:08 (Std) 	WindowFactory for 'CEGUI/Slider' windows added. (038A8A80)
29/09/2014 09:48:08 (Std) 	Created WindowFactory for 'CEGUI/Spinner' windows.
29/09/2014 09:48:08 (Std) 	WindowFactory for 'CEGUI/Spinner' windows added. (038A8B28)
29/09/2014 09:48:08 (Std) 	Created WindowFactory for 'CEGUI/TabButton' windows.
29/09/2014 09:48:08 (Std) 	WindowFactory for 'CEGUI/TabButton' windows added. (038A8BD0)
29/09/2014 09:48:08 (Std) 	Created WindowFactory for 'CEGUI/TabControl' windows.
29/09/2014 09:48:08 (Std) 	WindowFactory for 'CEGUI/TabControl' windows added. (038A8C78)
29/09/2014 09:48:08 (Std) 	Created WindowFactory for 'CEGUI/Thumb' windows.
29/09/2014 09:48:08 (Std) 	WindowFactory for 'CEGUI/Thumb' windows added. (038A8D20)
29/09/2014 09:48:08 (Std) 	Created WindowFactory for 'CEGUI/Titlebar' windows.
29/09/2014 09:48:08 (Std) 	WindowFactory for 'CEGUI/Titlebar' windows added. (038A8DC8)
29/09/2014 09:48:08 (Std) 	Created WindowFactory for 'CEGUI/ToggleButton' windows.
29/09/2014 09:48:08 (Std) 	WindowFactory for 'CEGUI/ToggleButton' windows added. (038A8E70)
29/09/2014 09:48:08 (Std) 	Created WindowFactory for 'CEGUI/Tooltip' windows.
29/09/2014 09:48:08 (Std) 	WindowFactory for 'CEGUI/Tooltip' windows added. (038A8F18)
29/09/2014 09:48:08 (Std) 	Created WindowFactory for 'CEGUI/ItemListbox' windows.
29/09/2014 09:48:08 (Std) 	WindowFactory for 'CEGUI/ItemListbox' windows added. (038A8FC0)
29/09/2014 09:48:08 (Std) 	Created WindowFactory for 'CEGUI/GroupBox' windows.
29/09/2014 09:48:08 (Std) 	WindowFactory for 'CEGUI/GroupBox' windows added. (038A9068)
29/09/2014 09:48:08 (Std) 	Created WindowFactory for 'CEGUI/Tree' windows.
29/09/2014 09:48:08 (Std) 	WindowFactory for 'CEGUI/Tree' windows added. (038A9110)
29/09/2014 09:48:08 (Std) 	Created WindowFactory for 'LayoutCell' windows.
29/09/2014 09:48:08 (Std) 	WindowFactory for 'LayoutCell' windows added. (038A91B8)
29/09/2014 09:48:08 (Std) 	Created WindowFactory for 'HorizontalLayoutContainer' windows.
29/09/2014 09:48:08 (Std) 	WindowFactory for 'HorizontalLayoutContainer' windows added. (038A9260)
29/09/2014 09:48:08 (Std) 	Created WindowFactory for 'VerticalLayoutContainer' windows.
29/09/2014 09:48:08 (Std) 	WindowFactory for 'VerticalLayoutContainer' windows added. (038A9308)
29/09/2014 09:48:08 (Std) 	Created WindowFactory for 'GridLayoutContainer' windows.
29/09/2014 09:48:08 (Std) 	WindowFactory for 'GridLayoutContainer' windows added. (05173AE0)
29/09/2014 09:48:08 (Std) 	CEGUI::System singleton created. (05150198)
29/09/2014 09:48:08 (Std) 	---- CEGUI System initialisation completed ----
29/09/2014 09:48:08 (Std) 	
29/09/2014 09:48:12 (Std) 	---- Begining CEGUI System destruction ----
29/09/2014 09:48:12 (Std) 	WindowFactory for 'CEGUI/Tree' windows removed. (038A9110)
29/09/2014 09:48:12 (Std) 	Deleted WindowFactory for 'CEGUI/Tree' windows.
29/09/2014 09:48:12 (Std) 	WindowFactory for 'LayoutCell' windows removed. (038A91B8)
29/09/2014 09:48:12 (Std) 	Deleted WindowFactory for 'LayoutCell' windows.
29/09/2014 09:48:12 (Std) 	WindowFactory for 'CEGUI/Thumb' windows removed. (038A8D20)
29/09/2014 09:48:12 (Std) 	Deleted WindowFactory for 'CEGUI/Thumb' windows.
29/09/2014 09:48:12 (Std) 	WindowFactory for 'CEGUI/Slider' windows removed. (038A8A80)
29/09/2014 09:48:12 (Std) 	Deleted WindowFactory for 'CEGUI/Slider' windows.
29/09/2014 09:48:12 (Std) 	WindowFactory for 'CEGUI/Editbox' windows removed. (038A8150)
29/09/2014 09:48:12 (Std) 	Deleted WindowFactory for 'CEGUI/Editbox' windows.
29/09/2014 09:48:12 (Std) 	WindowFactory for 'CEGUI/Listbox' windows removed. (038A8348)
29/09/2014 09:48:12 (Std) 	Deleted WindowFactory for 'CEGUI/Listbox' windows.
29/09/2014 09:48:12 (Std) 	WindowFactory for 'CEGUI/Menubar' windows removed. (038A8540)
29/09/2014 09:48:12 (Std) 	Deleted WindowFactory for 'CEGUI/Menubar' windows.
29/09/2014 09:48:12 (Std) 	WindowFactory for 'CEGUI/Spinner' windows removed. (038A8B28)
29/09/2014 09:48:12 (Std) 	Deleted WindowFactory for 'CEGUI/Spinner' windows.
29/09/2014 09:48:12 (Std) 	WindowFactory for 'CEGUI/Tooltip' windows removed. (038A8F18)
29/09/2014 09:48:12 (Std) 	Deleted WindowFactory for 'CEGUI/Tooltip' windows.
29/09/2014 09:48:12 (Std) 	WindowFactory for 'DefaultWindow' windows removed. (038A7C10)
29/09/2014 09:48:12 (Std) 	Deleted WindowFactory for 'DefaultWindow' windows.
29/09/2014 09:48:12 (Std) 	WindowFactory for 'DragContainer' windows removed. (038A7CB8)
29/09/2014 09:48:12 (Std) 	Deleted WindowFactory for 'DragContainer' windows.
29/09/2014 09:48:12 (Std) 	WindowFactory for 'CEGUI/Combobox' windows removed. (038A8000)
29/09/2014 09:48:12 (Std) 	Deleted WindowFactory for 'CEGUI/Combobox' windows.
29/09/2014 09:48:12 (Std) 	WindowFactory for 'CEGUI/GroupBox' windows removed. (038A9068)
29/09/2014 09:48:12 (Std) 	Deleted WindowFactory for 'CEGUI/GroupBox' windows.
29/09/2014 09:48:12 (Std) 	WindowFactory for 'CEGUI/MenuItem' windows removed. (038A8690)
29/09/2014 09:48:12 (Std) 	Deleted WindowFactory for 'CEGUI/MenuItem' windows.
29/09/2014 09:48:12 (Std) 	WindowFactory for 'CEGUI/Titlebar' windows removed. (038A8DC8)
29/09/2014 09:48:12 (Std) 	Deleted WindowFactory for 'CEGUI/Titlebar' windows.
29/09/2014 09:48:12 (Std) 	WindowFactory for 'CEGUI/ItemEntry' windows removed. (038A82A0)
29/09/2014 09:48:12 (Std) 	Deleted WindowFactory for 'CEGUI/ItemEntry' windows.
29/09/2014 09:48:12 (Std) 	WindowFactory for 'CEGUI/PopupMenu' windows removed. (038A85E8)
29/09/2014 09:48:12 (Std) 	Deleted WindowFactory for 'CEGUI/PopupMenu' windows.
29/09/2014 09:48:12 (Std) 	WindowFactory for 'CEGUI/Scrollbar' windows removed. (038A89D8)
29/09/2014 09:48:12 (Std) 	Deleted WindowFactory for 'CEGUI/Scrollbar' windows.
29/09/2014 09:48:12 (Std) 	WindowFactory for 'CEGUI/TabButton' windows removed. (038A8BD0)
29/09/2014 09:48:12 (Std) 	Deleted WindowFactory for 'CEGUI/TabButton' windows.
29/09/2014 09:48:12 (Std) 	WindowFactory for 'CEGUI/ListHeader' windows removed. (038A83F0)
29/09/2014 09:48:12 (Std) 	Deleted WindowFactory for 'CEGUI/ListHeader' windows.
29/09/2014 09:48:12 (Std) 	WindowFactory for 'CEGUI/PushButton' windows removed. (038A7EB0)
29/09/2014 09:48:12 (Std) 	Deleted WindowFactory for 'CEGUI/PushButton' windows.
29/09/2014 09:48:12 (Std) 	WindowFactory for 'CEGUI/TabControl' windows removed. (038A8C78)
29/09/2014 09:48:12 (Std) 	Deleted WindowFactory for 'CEGUI/TabControl' windows.
29/09/2014 09:48:12 (Std) 	WindowFactory for 'ClippedContainer' windows removed. (038A7E08)
29/09/2014 09:48:12 (Std) 	Deleted WindowFactory for 'ClippedContainer' windows.
29/09/2014 09:48:12 (Std) 	WindowFactory for 'CEGUI/FrameWindow' windows removed. (038A81F8)
29/09/2014 09:48:12 (Std) 	Deleted WindowFactory for 'CEGUI/FrameWindow' windows.
29/09/2014 09:48:12 (Std) 	WindowFactory for 'CEGUI/ItemListbox' windows removed. (038A8FC0)
29/09/2014 09:48:12 (Std) 	Deleted WindowFactory for 'CEGUI/ItemListbox' windows.
29/09/2014 09:48:12 (Std) 	WindowFactory for 'CEGUI/ProgressBar' windows removed. (038A8888)
29/09/2014 09:48:12 (Std) 	Deleted WindowFactory for 'CEGUI/ProgressBar' windows.
29/09/2014 09:48:12 (Std) 	WindowFactory for 'CEGUI/RadioButton' windows removed. (038A7F58)
29/09/2014 09:48:12 (Std) 	Deleted WindowFactory for 'CEGUI/RadioButton' windows.
29/09/2014 09:48:12 (Std) 	WindowFactory for 'ScrolledContainer' windows removed. (038A7D60)
29/09/2014 09:48:12 (Std) 	Deleted WindowFactory for 'ScrolledContainer' windows.
29/09/2014 09:48:12 (Std) 	WindowFactory for 'CEGUI/ToggleButton' windows removed. (038A8E70)
29/09/2014 09:48:12 (Std) 	Deleted WindowFactory for 'CEGUI/ToggleButton' windows.
29/09/2014 09:48:12 (Std) 	WindowFactory for 'CEGUI/ComboDropList' windows removed. (038A80A8)
29/09/2014 09:48:12 (Std) 	Deleted WindowFactory for 'CEGUI/ComboDropList' windows.
29/09/2014 09:48:12 (Std) 	WindowFactory for 'GridLayoutContainer' windows removed. (05173AE0)
29/09/2014 09:48:12 (Std) 	Deleted WindowFactory for 'GridLayoutContainer' windows.
29/09/2014 09:48:12 (Std) 	WindowFactory for 'CEGUI/ScrollablePane' windows removed. (038A8930)
29/09/2014 09:48:12 (Std) 	Deleted WindowFactory for 'CEGUI/ScrollablePane' windows.
29/09/2014 09:48:12 (Std) 	WindowFactory for 'CEGUI/MultiColumnList' windows removed. (038A8738)
29/09/2014 09:48:12 (Std) 	Deleted WindowFactory for 'CEGUI/MultiColumnList' windows.
29/09/2014 09:48:12 (Std) 	WindowFactory for 'CEGUI/MultiLineEditbox' windows removed. (038A87E0)
29/09/2014 09:48:12 (Std) 	Deleted WindowFactory for 'CEGUI/MultiLineEditbox' windows.
29/09/2014 09:48:12 (Std) 	WindowFactory for 'CEGUI/ListHeaderSegment' windows removed. (038A8498)
29/09/2014 09:48:12 (Std) 	Deleted WindowFactory for 'CEGUI/ListHeaderSegment' windows.
29/09/2014 09:48:12 (Std) 	WindowFactory for 'VerticalLayoutContainer' windows removed. (038A9308)
29/09/2014 09:48:12 (Std) 	Deleted WindowFactory for 'VerticalLayoutContainer' windows.
29/09/2014 09:48:12 (Std) 	WindowFactory for 'HorizontalLayoutContainer' windows removed. (038A9260)
29/09/2014 09:48:12 (Std) 	Deleted WindowFactory for 'HorizontalLayoutContainer' windows.
29/09/2014 09:48:12 (Std) 	---- Begining cleanup of GUI Scheme system ----
29/09/2014 09:48:12 (Std) 	CEGUI::SchemeManager singleton destroyed. (051594D0)
29/09/2014 09:48:12 (Std) 	CEGUI::WindowManager singleton destroyed (0061C998)
29/09/2014 09:48:12 (Std) 	CEGUI::WindowFactoryManager singleton destroyed
29/09/2014 09:48:12 (Std) 	CEGUI::WidgetLookManager singleton destroyed. (0514EFC8)
29/09/2014 09:48:12 (Std) 	CEGUI::WindowRendererManager singleton destroyed (0514EFB0)
29/09/2014 09:48:12 (Std) 	CEGUI::AnimationManager singleton destroyed (005DA2A0)
29/09/2014 09:48:12 (Std) 	CEGUI::RenderEffectManager singleton destroyed (0514B740)
29/09/2014 09:48:12 (Std) 	---- Begining cleanup of Font system ----
29/09/2014 09:48:12 (Std) 	CEGUI::FontManager singleton destroyed. (05170D60)
29/09/2014 09:48:12 (Std) 	[CEGUI::ImageManager] Unregistered Image type: BasicImage
29/09/2014 09:48:12 (Std) 	[CEGUI::ImageManager] Singleton destroyed (038B5BE8)
29/09/2014 09:48:12 (Std) 	CEGUI::GlobalEventSet singleton destroyed. (0514B700)
29/09/2014 09:48:12 (Std) 	CEGUI::System singleton destroyed. (05150198)
29/09/2014 09:48:12 (Std) 	---- CEGUI System destruction completed ----
29/09/2014 09:48:12 (Std) 	CEGUI::Logger singleton destroyed. (05170E20)
