03/10/2014 18:44:12 (Std) 	+-+-+-+-+-+-+-+-+-+-+-+-+-+-+-+-+-+-+-+-+-+-+-+-+-+-+-+-+-+-+-+-+-+-+-+-+-+-+-+
03/10/2014 18:44:12 (Std) 	+                     Crazy Eddie's GUI System - Event log                    +
03/10/2014 18:44:12 (Std) 	+                          (http://www.cegui.org.uk/)                         +
03/10/2014 18:44:12 (Std) 	+-+-+-+-+-+-+-+-+-+-+-+-+-+-+-+-+-+-+-+-+-+-+-+-+-+-+-+-+-+-+-+-+-+-+-+-+-+-+-+

03/10/2014 18:44:12 (Std) 	CEGUI::Logger singleton created. (044332C8)
03/10/2014 18:44:12 (Std) 	
03/10/2014 18:44:12 (Std) 	********************************************************************************
03/10/2014 18:44:12 (Std) 	* Important:                                                                   *
03/10/2014 18:44:12 (Std) 	*     To get support at the CEGUI forums, you must post _at least_ the section *
03/10/2014 18:44:12 (Std) 	*     of this log file indicated below.  Failure to do this will result in no  *
03/10/2014 18:44:12 (Std) 	*     support being given; please do not waste our time.                       *
03/10/2014 18:44:12 (Std) 	********************************************************************************
03/10/2014 18:44:12 (Std) 	********************************************************************************
03/10/2014 18:44:12 (Std) 	* -------- START OF ESSENTIAL SECTION TO BE POSTED ON THE FORUM       -------- *
03/10/2014 18:44:12 (Std) 	********************************************************************************
03/10/2014 18:44:12 (Std) 	---- Version: 0.8.4 (Build: Oct  2 2014 Microsoft Windows MSVC++ 11.0 32 bit) ----
03/10/2014 18:44:12 (Std) 	---- Renderer module is: CEGUI::OpenGL3Renderer - Official OpenGL 3.2 core based renderer module.  TextureTarget support enabled via FBO OGL 3.2 core implementation. ----
03/10/2014 18:44:12 (Std) 	---- XML Parser module is: CEGUI::ExpatParser - Official expat based parser module for CEGUI ----
03/10/2014 18:44:12 (Std) 	---- Image Codec module is: SILLYImageCodec - Official SILLY based image codec ----
03/10/2014 18:44:12 (Std) 	---- Scripting module is: None ----
03/10/2014 18:44:12 (Std) 	********************************************************************************
03/10/2014 18:44:12 (Std) 	* -------- END OF ESSENTIAL SECTION TO BE POSTED ON THE FORUM         -------- *
03/10/2014 18:44:12 (Std) 	********************************************************************************
03/10/2014 18:44:12 (Std) 	
03/10/2014 18:44:12 (Std) 	---- Begining CEGUI System initialisation ----
03/10/2014 18:44:12 (Std) 	[CEGUI::ImageManager] Singleton created (04438D08)
03/10/2014 18:44:12 (Std) 	[CEGUI::ImageManager] Registered Image type: BasicImage
03/10/2014 18:44:12 (Std) 	CEGUI::FontManager singleton created. (04439EB0)
03/10/2014 18:44:12 (Std) 	CEGUI::WindowFactoryManager singleton created
03/10/2014 18:44:12 (Std) 	CEGUI::WindowManager singleton created (04436A88)
03/10/2014 18:44:12 (Std) 	CEGUI::SchemeManager singleton created. (0443A728)
03/10/2014 18:44:12 (Std) 	CEGUI::GlobalEventSet singleton created. (04436B90)
03/10/2014 18:44:12 (Std) 	CEGUI::AnimationManager singleton created (04439260)
03/10/2014 18:44:12 (Std) 	CEGUI::WidgetLookManager singleton created. (0443BA28)
03/10/2014 18:44:12 (Std) 	CEGUI::WindowRendererManager singleton created (0443BA50)
03/10/2014 18:44:12 (Std) 	CEGUI::RenderEffectManager singleton created (0443C378)
03/10/2014 18:44:12 (Std) 	Created WindowFactory for 'DefaultWindow' windows.
03/10/2014 18:44:12 (Std) 	WindowFactory for 'DefaultWindow' windows added. (04449A20)
03/10/2014 18:44:12 (Std) 	Created WindowFactory for 'DragContainer' windows.
03/10/2014 18:44:12 (Std) 	WindowFactory for 'DragContainer' windows added. (04449BC0)
03/10/2014 18:44:12 (Std) 	Created WindowFactory for 'ScrolledContainer' windows.
03/10/2014 18:44:12 (Std) 	WindowFactory for 'ScrolledContainer' windows added. (04449D60)
03/10/2014 18:44:12 (Std) 	Created WindowFactory for 'ClippedContainer' windows.
03/10/2014 18:44:12 (Std) 	WindowFactory for 'ClippedContainer' windows added. (04449F08)
03/10/2014 18:44:12 (Std) 	Created WindowFactory for 'CEGUI/PushButton' windows.
03/10/2014 18:44:12 (Std) 	WindowFactory for 'CEGUI/PushButton' windows added. (0444A0B0)
03/10/2014 18:44:12 (Std) 	Created WindowFactory for 'CEGUI/RadioButton' windows.
03/10/2014 18:44:12 (Std) 	WindowFactory for 'CEGUI/RadioButton' windows added. (0444A260)
03/10/2014 18:44:12 (Std) 	Created WindowFactory for 'CEGUI/Combobox' windows.
03/10/2014 18:44:12 (Std) 	WindowFactory for 'CEGUI/Combobox' windows added. (0444A3E0)
03/10/2014 18:44:12 (Std) 	Created WindowFactory for 'CEGUI/ComboDropList' windows.
03/10/2014 18:44:12 (Std) 	WindowFactory for 'CEGUI/ComboDropList' windows added. (0444A5A0)
03/10/2014 18:44:12 (Std) 	Created WindowFactory for 'CEGUI/Editbox' windows.
03/10/2014 18:44:12 (Std) 	WindowFactory for 'CEGUI/Editbox' windows added. (0444A720)
03/10/2014 18:44:12 (Std) 	Created WindowFactory for 'CEGUI/FrameWindow' windows.
03/10/2014 18:44:12 (Std) 	WindowFactory for 'CEGUI/FrameWindow' windows added. (0444A8A0)
03/10/2014 18:44:12 (Std) 	Created WindowFactory for 'CEGUI/ItemEntry' windows.
03/10/2014 18:44:12 (Std) 	WindowFactory for 'CEGUI/ItemEntry' windows added. (0444AA70)
03/10/2014 18:44:12 (Std) 	Created WindowFactory for 'CEGUI/Listbox' windows.
03/10/2014 18:44:12 (Std) 	WindowFactory for 'CEGUI/Listbox' windows added. (0444ABF0)
03/10/2014 18:44:12 (Std) 	Created WindowFactory for 'CEGUI/ListHeader' windows.
03/10/2014 18:44:12 (Std) 	WindowFactory for 'CEGUI/ListHeader' windows added. (0444AD70)
03/10/2014 18:44:12 (Std) 	Created WindowFactory for 'CEGUI/ListHeaderSegment' windows.
03/10/2014 18:44:12 (Std) 	WindowFactory for 'CEGUI/ListHeaderSegment' windows added. (0444AF68)
03/10/2014 18:44:12 (Std) 	Created WindowFactory for 'CEGUI/Menubar' windows.
03/10/2014 18:44:12 (Std) 	WindowFactory for 'CEGUI/Menubar' windows added. (0444B0E8)
03/10/2014 18:44:12 (Std) 	Created WindowFactory for 'CEGUI/PopupMenu' windows.
03/10/2014 18:44:12 (Std) 	WindowFactory for 'CEGUI/PopupMenu' windows added. (0444B268)
03/10/2014 18:44:12 (Std) 	Created WindowFactory for 'CEGUI/MenuItem' windows.
03/10/2014 18:44:12 (Std) 	WindowFactory for 'CEGUI/MenuItem' windows added. (0444B3E8)
03/10/2014 18:44:12 (Std) 	Created WindowFactory for 'CEGUI/MultiColumnList' windows.
03/10/2014 18:44:12 (Std) 	WindowFactory for 'CEGUI/MultiColumnList' windows added. (0444B568)
03/10/2014 18:44:12 (Std) 	Created WindowFactory for 'CEGUI/MultiLineEditbox' windows.
03/10/2014 18:44:12 (Std) 	WindowFactory for 'CEGUI/MultiLineEditbox' windows added. (0444B760)
03/10/2014 18:44:12 (Std) 	Created WindowFactory for 'CEGUI/ProgressBar' windows.
03/10/2014 18:44:12 (Std) 	WindowFactory for 'CEGUI/ProgressBar' windows added. (0444B958)
03/10/2014 18:44:12 (Std) 	Created WindowFactory for 'CEGUI/ScrollablePane' windows.
03/10/2014 18:44:12 (Std) 	WindowFactory for 'CEGUI/ScrollablePane' windows added. (0444BB60)
03/10/2014 18:44:12 (Std) 	Created WindowFactory for 'CEGUI/Scrollbar' windows.
03/10/2014 18:44:12 (Std) 	WindowFactory for 'CEGUI/Scrollbar' windows added. (0444BCE0)
03/10/2014 18:44:12 (Std) 	Created WindowFactory for 'CEGUI/Slider' windows.
03/10/2014 18:44:12 (Std) 	WindowFactory for 'CEGUI/Slider' windows added. (0444BE60)
03/10/2014 18:44:12 (Std) 	Created WindowFactory for 'CEGUI/Spinner' windows.
03/10/2014 18:44:12 (Std) 	WindowFactory for 'CEGUI/Spinner' windows added. (0444BFE0)
03/10/2014 18:44:12 (Std) 	Created WindowFactory for 'CEGUI/TabButton' windows.
03/10/2014 18:44:12 (Std) 	WindowFactory for 'CEGUI/TabButton' windows added. (0444C160)
03/10/2014 18:44:12 (Std) 	Created WindowFactory for 'CEGUI/TabControl' windows.
03/10/2014 18:44:12 (Std) 	WindowFactory for 'CEGUI/TabControl' windows added. (0444C2E0)
03/10/2014 18:44:12 (Std) 	Created WindowFactory for 'CEGUI/Thumb' windows.
03/10/2014 18:44:12 (Std) 	WindowFactory for 'CEGUI/Thumb' windows added. (0444C460)
03/10/2014 18:44:12 (Std) 	Created WindowFactory for 'CEGUI/Titlebar' windows.
03/10/2014 18:44:12 (Std) 	WindowFactory for 'CEGUI/Titlebar' windows added. (0444C5E0)
03/10/2014 18:44:12 (Std) 	Created WindowFactory for 'CEGUI/ToggleButton' windows.
03/10/2014 18:44:12 (Std) 	WindowFactory for 'CEGUI/ToggleButton' windows added. (0444C760)
03/10/2014 18:44:12 (Std) 	Created WindowFactory for 'CEGUI/Tooltip' windows.
03/10/2014 18:44:12 (Std) 	WindowFactory for 'CEGUI/Tooltip' windows added. (0444C9A0)
03/10/2014 18:44:12 (Std) 	Created WindowFactory for 'CEGUI/ItemListbox' windows.
03/10/2014 18:44:12 (Std) 	WindowFactory for 'CEGUI/ItemListbox' windows added. (0444CB20)
03/10/2014 18:44:12 (Std) 	Created WindowFactory for 'CEGUI/GroupBox' windows.
03/10/2014 18:44:12 (Std) 	WindowFactory for 'CEGUI/GroupBox' windows added. (0444CCA0)
03/10/2014 18:44:12 (Std) 	Created WindowFactory for 'CEGUI/Tree' windows.
03/10/2014 18:44:12 (Std) 	WindowFactory for 'CEGUI/Tree' windows added. (0444CE20)
03/10/2014 18:44:12 (Std) 	Created WindowFactory for 'LayoutCell' windows.
03/10/2014 18:44:12 (Std) 	WindowFactory for 'LayoutCell' windows added. (0444CFA0)
03/10/2014 18:44:12 (Std) 	Created WindowFactory for 'HorizontalLayoutContainer' windows.
03/10/2014 18:44:12 (Std) 	WindowFactory for 'HorizontalLayoutContainer' windows added. (0444D120)
03/10/2014 18:44:12 (Std) 	Created WindowFactory for 'VerticalLayoutContainer' windows.
03/10/2014 18:44:12 (Std) 	WindowFactory for 'VerticalLayoutContainer' windows added. (0444D2A0)
03/10/2014 18:44:12 (Std) 	Created WindowFactory for 'GridLayoutContainer' windows.
03/10/2014 18:44:12 (Std) 	WindowFactory for 'GridLayoutContainer' windows added. (0444D420)
03/10/2014 18:44:12 (Std) 	CEGUI::System singleton created. (04434ED8)
03/10/2014 18:44:12 (Std) 	---- CEGUI System initialisation completed ----
03/10/2014 18:44:12 (Std) 	
