C:\USERS\TIMOTHY\PROJECTS\SPACERACE\SPACERACE\SPACERACE\DEBUG\SPACERACE.PCH
C:\USERS\TIMOTHY\PROJECTS\SPACERACE\SPACERACE\SPACERACE\DEBUG\STDAFX.OBJ
C:\USERS\TIMOTHY\PROJECTS\SPACERACE\SPACERACE\SPACERACE\DEBUG\VC110.PDB
C:\USERS\TIMOTHY\PROJECTS\SPACERACE\SPACERACE\SPACERACE\DEBUG\ENTITY.OBJ
C:\USERS\TIMOTHY\PROJECTS\SPACERACE\SPACERACE\SPACERACE\DEBUG\MESH.OBJ
C:\USERS\TIMOTHY\PROJECTS\SPACERACE\SPACERACE\SPACERACE\DEBUG\MODEL.OBJ
C:\USERS\TIMOTHY\PROJECTS\SPACERACE\SPACERACE\SPACERACE\DEBUG\SHADER.OBJ
C:\USERS\TIMOTHY\PROJECTS\SPACERACE\SPACERACE\SPACERACE\DEBUG\SPACERACE.OBJ
C:\USERS\TIMOTHY\PROJECTS\SPACERACE\SPACERACE\SPACERACE\DEBUG\WORLD.OBJ
C:\USERS\TIMOTHY\PROJECTS\SPACERACE\SPACERACE\DEBUG\SPACERACE.ILK
C:\USERS\TIMOTHY\PROJECTS\SPACERACE\SPACERACE\DEBUG\SPACERACE.EXE
C:\USERS\TIMOTHY\PROJECTS\SPACERACE\SPACERACE\DEBUG\SPACERACE.PDB
C:\Users\Timothy\Projects\SpaceRace\SpaceRace\SpaceRace\Debug\Entity.obj
C:\Users\Timothy\Projects\SpaceRace\SpaceRace\SpaceRace\Debug\Mesh.obj
C:\Users\Timothy\Projects\SpaceRace\SpaceRace\SpaceRace\Debug\Model.obj
C:\Users\Timothy\Projects\SpaceRace\SpaceRace\SpaceRace\Debug\Shader.obj
C:\Users\Timothy\Projects\SpaceRace\SpaceRace\SpaceRace\Debug\stdafx.obj
C:\Users\Timothy\Projects\SpaceRace\SpaceRace\SpaceRace\Debug\cl.command.1.tlog
C:\Users\Timothy\Projects\SpaceRace\SpaceRace\SpaceRace\Debug\CL.read.1.tlog
C:\Users\Timothy\Projects\SpaceRace\SpaceRace\SpaceRace\Debug\CL.write.1.tlog
C:\Users\Timothy\Projects\SpaceRace\SpaceRace\SpaceRace\Debug\link-cvtres.read.1.tlog
C:\Users\Timothy\Projects\SpaceRace\SpaceRace\SpaceRace\Debug\link-cvtres.write.1.tlog
C:\Users\Timothy\Projects\SpaceRace\SpaceRace\SpaceRace\Debug\link-rc.read.1.tlog
C:\Users\Timothy\Projects\SpaceRace\SpaceRace\SpaceRace\Debug\link-rc.write.1.tlog
C:\Users\Timothy\Projects\SpaceRace\SpaceRace\SpaceRace\Debug\link.7120-cvtres.read.1.tlog
C:\Users\Timothy\Projects\SpaceRace\SpaceRace\SpaceRace\Debug\link.7120-cvtres.write.1.tlog
C:\Users\Timothy\Projects\SpaceRace\SpaceRace\SpaceRace\Debug\link.7120-rc.read.1.tlog
C:\Users\Timothy\Projects\SpaceRace\SpaceRace\SpaceRace\Debug\link.7120-rc.write.1.tlog
C:\Users\Timothy\Projects\SpaceRace\SpaceRace\SpaceRace\Debug\link.7120.read.1.tlog
C:\Users\Timothy\Projects\SpaceRace\SpaceRace\SpaceRace\Debug\link.7120.write.1.tlog
C:\Users\Timothy\Projects\SpaceRace\SpaceRace\SpaceRace\Debug\link.command.1.tlog
C:\Users\Timothy\Projects\SpaceRace\SpaceRace\SpaceRace\Debug\link.read.1.tlog
C:\Users\Timothy\Projects\SpaceRace\SpaceRace\SpaceRace\Debug\link.read.2.tlog
C:\Users\Timothy\Projects\SpaceRace\SpaceRace\SpaceRace\Debug\link.write.1.tlog
C:\Users\Timothy\Projects\SpaceRace\SpaceRace\SpaceRace\Debug\SpaceRace.pch
C:\Users\Timothy\Projects\SpaceRace\SpaceRace\SpaceRace\Debug\vc110.idb
C:\Users\Timothy\Projects\SpaceRace\SpaceRace\SpaceRace\Debug\vc110.pdb
C:\Users\Timothy\Projects\SpaceRace\SpaceRace\Debug\SpaceRace.pdb
C:\Users\Timothy\Projects\SpaceRace\SpaceRace\Debug\SpaceRace.exe
C:\Users\Timothy\Projects\SpaceRace\SpaceRace\Debug\SpaceRace.ilk
