Build started 10/10/2014 16:33:24.
     1>Project "C:\Users\Timothy\Projects\SpaceRace\SpaceRace\SpaceRace\SpaceRace.vcxproj" on node 2 (Build target(s)).
     1>ClCompile:
         C:\Program Files (x86)\Microsoft Visual Studio 11.0\VC\bin\CL.exe /c /I"C:\Users\Timothy\Desktop\Libraries\bullet3-master\src" /I"C:\Users\Timothy\Desktop\Libraries\irrKlang-32bit-1.5.0\irrKlang-1.5.0\include" /I"C:\Users\Timothy\Desktop\Libraries\cegui-0.8.4\build\cegui\include" /I"C:\Users\Timothy\Desktop\Libraries\cegui-0.8.4\cegui\include" /I"C:\Program Files (x86)\Lua\5.1\include" /I"C:\Users\Timothy\Desktop\Libraries\assimp-3.1.1-win-binaries\samples\DevIL\include" /I"C:\Users\Timothy\Desktop\Libraries\glfw-3.0.3.bin.WIN32\include" /I"C:\Users\Timothy\Desktop\Libraries\glew-1.11.0\include" /I"C:\Program Files\Assimp\include" /I"C:\Users\Timothy\Desktop\Libraries\assimp-3.1.1-win-binaries\samples\DevIL\include" /IC:\Users\Timothy\Desktop\Libraries\glm /IC:\Users\Timothy\Desktop\Libraries\AntTweakBar\include /ZI /nologo /W3 /WX- /Od /Oy- /D WIN32 /D _DEBUG /D _CONSOLE /D _UNICODE /D UNICODE /Gm /EHsc /RTC1 /MTd /GS /fp:precise /Zc:wchar_t /Zc:forScope /Yu"stdafx.h" /Fp"Debug\SpaceRace.pch" /Fo"Debug\\" /Fd"Debug\vc110.pdb" /Gd /TP /analyze- /errorReport:prompt SpaceRace.cpp
         SpaceRace.cpp
     1>c:\users\timothy\projects\spacerace\spacerace\spacerace\spacerace.cpp(45): warning C4996: 'sprintf': This function or variable may be unsafe. Consider using sprintf_s instead. To disable deprecation, use _CRT_SECURE_NO_WARNINGS. See online help for details.
                 c:\program files (x86)\microsoft visual studio 11.0\vc\include\stdio.h(357) : see declaration of 'sprintf'
     1>c:\users\timothy\projects\spacerace\spacerace\spacerace\spacerace.cpp(63): warning C4244: 'initializing' : conversion from 'double' to 'float', possible loss of data
     1>c:\users\timothy\projects\spacerace\spacerace\spacerace\spacerace.cpp(67): warning C4018: '<' : signed/unsigned mismatch
     1>c:\users\timothy\projects\spacerace\spacerace\spacerace\spacerace.cpp(97): warning C4018: '<' : signed/unsigned mismatch
     1>c:\users\timothy\projects\spacerace\spacerace\spacerace\spacerace.cpp(100): warning C4996: 'sprintf': This function or variable may be unsafe. Consider using sprintf_s instead. To disable deprecation, use _CRT_SECURE_NO_WARNINGS. See online help for details.
                 c:\program files (x86)\microsoft visual studio 11.0\vc\include\stdio.h(357) : see declaration of 'sprintf'
     1>c:\users\timothy\projects\spacerace\spacerace\spacerace\spacerace.cpp(105): warning C4018: '<' : signed/unsigned mismatch
     1>c:\users\timothy\projects\spacerace\spacerace\spacerace\spacerace.cpp(234): warning C4018: '<' : signed/unsigned mismatch
         GLM: rotate function taking degrees as a parameter is deprecated. #define GLM_FORCE_RADIANS before including GLM headers to remove this message.
         GLM: perspective function taking degrees as a parameter is deprecated. #define GLM_FORCE_RADIANS before including GLM headers to remove this message.
       Link:
         C:\Program Files (x86)\Microsoft Visual Studio 11.0\VC\bin\link.exe /ERRORREPORT:PROMPT /OUT:"C:\Users\Timothy\Projects\SpaceRace\SpaceRace\Debug\SpaceRace.exe" /INCREMENTAL /NOLOGO /LIBPATH:"C:\Users\Timothy\Desktop\Libraries\bullet3-master\build\lib\Debug" /LIBPATH:"C:\Users\Timothy\Desktop\Libraries\irrKlang-32bit-1.5.0\irrKlang-1.5.0\lib\Win32-visualStudio" /LIBPATH:"C:\Users\Timothy\Desktop\Libraries\cegui-0.8.4\build\lib" /LIBPATH:"C:\Program Files (x86)\Lua\5.1" /LIBPATH:"C:\Users\Timothy\Desktop\Libraries\assimp-3.1.1-win-binaries\samples\DevIL\lib" /LIBPATH:C:\Users\Timothy\Desktop\Libraries\AntTweakBar\lib /LIBPATH:"C:\Program Files\Assimp\lib\x86" /LIBPATH:"C:\Users\Timothy\Desktop\Libraries\glew-1.11.0\lib\Release\Win32" /LIBPATH:"C:\Users\Timothy\Desktop\Libraries\glfw-3.0.3.bin.WIN32\lib-msvc110" BulletCollision_Debug.lib BulletDynamics_Debug.lib LinearMath_Debug.lib irrKlang.lib "CEGUIBase-0.lib" "CEGUIOpenGLRenderer-0.lib" lua5.1.lib DevIL.lib ILU.lib ILUT.lib AntTweakBar.lib assimp.lib glew32.lib glfw3dll.lib opengl32.lib kernel32.lib user32.lib gdi32.lib winspool.lib comdlg32.lib advapi32.lib shell32.lib ole32.lib oleaut32.lib uuid.lib odbc32.lib odbccp32.lib /MANIFEST /MANIFESTUAC:"level='asInvoker' uiAccess='false'" /manifest:embed /DEBUG /PDB:"C:\Users\Timothy\Projects\SpaceRace\SpaceRace\Debug\SpaceRace.pdb" /SUBSYSTEM:CONSOLE /TLBID:1 /DYNAMICBASE /NXCOMPAT /IMPLIB:"C:\Users\Timothy\Projects\SpaceRace\SpaceRace\Debug\SpaceRace.lib" /MACHINE:X86 Debug\Mesh.obj
         Debug\Model.obj
         Debug\Shader.obj
         Debug\SpaceRace.obj
         Debug\stdafx.obj
         SpaceRace.vcxproj -> C:\Users\Timothy\Projects\SpaceRace\SpaceRace\Debug\SpaceRace.exe
     1>Done Building Project "C:\Users\Timothy\Projects\SpaceRace\SpaceRace\SpaceRace\SpaceRace.vcxproj" (Build target(s)).

Build succeeded.

Time Elapsed 00:00:01.35
