Build started 03/10/2014 14:50:28.
     1>Project "C:\Users\Timothy\Projects\SpaceRace\SpaceRace\SpaceRace\SpaceRace.vcxproj" on node 2 (Build target(s)).
     1>ClCompile:
         C:\Program Files (x86)\Microsoft Visual Studio 11.0\VC\bin\CL.exe /c /I"C:\Users\Timothy\Desktop\Libraries\irrKlang-32bit-1.5.0\irrKlang-1.5.0\include" /I"C:\Users\Timothy\Desktop\Libraries\cegui-0.8.4\build\cegui\include" /I"C:\Users\Timothy\Desktop\Libraries\cegui-0.8.4\cegui\include" /I"C:\Program Files (x86)\Lua\5.1\include" /I"C:\Users\Timothy\Desktop\Libraries\assimp-3.1.1-win-binaries\samples\DevIL\include" /I"C:\Users\Timothy\Desktop\Libraries\glfw-3.0.3.bin.WIN32\include" /I"C:\Users\Timothy\Desktop\Libraries\glew-1.11.0\include" /I"C:\Program Files\Assimp\include" /I"C:\Users\Timothy\Desktop\Libraries\assimp-3.1.1-win-binaries\samples\DevIL\include" /IC:\Users\Timothy\Desktop\Libraries\glm /IC:\Users\Timothy\Desktop\Libraries\AntTweakBar\include /Zi /nologo /W3 /WX- /O2 /Oi /Oy- /GL /D WIN32 /D NDEBUG /D _CONSOLE /D _UNICODE /D UNICODE /Gm- /EHsc /MD /GS /Gy /fp:precise /Zc:wchar_t /Zc:forScope /Yu"stdafx.h" /Fp"Release\SpaceRace.pch" /Fo"Release\\" /Fd"Release\vc110.pdb" /Gd /TP /analyze- /errorReport:prompt Model.cpp
         Model.cpp
     1>Model.cpp(20): warning C4018: '<' : signed/unsigned mismatch
     1>Model.cpp(40): warning C4018: '<' : signed/unsigned mismatch
     1>Model.cpp(48): warning C4018: '<' : signed/unsigned mismatch
     1>Model.cpp(61): warning C4018: '<' : signed/unsigned mismatch
     1>Model.cpp(70): warning C4018: '<' : signed/unsigned mismatch
     1>Model.cpp(103): warning C4018: '<' : signed/unsigned mismatch
     1>Model.cpp(106): warning C4018: '<' : signed/unsigned mismatch
     1>Model.cpp(243): warning C4018: '<' : signed/unsigned mismatch
     1>Model.cpp(252): warning C4018: '<' : signed/unsigned mismatch
     1>Model.cpp(257): warning C4018: '<' : signed/unsigned mismatch
     1>Model.cpp(276): warning C4018: '<' : signed/unsigned mismatch
     1>Model.cpp(313): warning C4018: '<' : signed/unsigned mismatch
     1>Model.cpp(320): warning C4018: '<' : signed/unsigned mismatch
       Link:
         C:\Program Files (x86)\Microsoft Visual Studio 11.0\VC\bin\link.exe /ERRORREPORT:PROMPT /OUT:"C:\Users\Timothy\Projects\SpaceRace\SpaceRace\Release\SpaceRace.exe" /INCREMENTAL:NO /NOLOGO /LIBPATH:"C:\Users\Timothy\Desktop\Libraries\irrKlang-32bit-1.5.0\irrKlang-1.5.0\lib\Win32-visualStudio" /LIBPATH:"C:\Users\Timothy\Desktop\Libraries\cegui-0.8.4\build\lib" /LIBPATH:"C:\Program Files (x86)\Lua\5.1" /LIBPATH:"C:\Users\Timothy\Desktop\Libraries\assimp-3.1.1-win-binaries\samples\DevIL\lib" /LIBPATH:C:\Users\Timothy\Desktop\Libraries\AntTweakBar\lib /LIBPATH:"C:\Program Files\Assimp\lib\x86" /LIBPATH:"C:\Users\Timothy\Desktop\Libraries\glew-1.11.0\lib\Release\Win32" /LIBPATH:"C:\Users\Timothy\Desktop\Libraries\glfw-3.0.3.bin.WIN32\lib-msvc110" irrKlang.lib "CEGUIBase-0.lib" "CEGUIOpenGLRenderer-0.lib" lua5.1.lib DevIL.lib ILU.lib ILUT.lib AntTweakBar.lib assimp.lib glew32.lib glfw3dll.lib opengl32.lib kernel32.lib user32.lib gdi32.lib winspool.lib comdlg32.lib advapi32.lib shell32.lib ole32.lib oleaut32.lib uuid.lib odbc32.lib odbccp32.lib kernel32.lib user32.lib gdi32.lib winspool.lib comdlg32.lib advapi32.lib shell32.lib ole32.lib oleaut32.lib uuid.lib odbc32.lib odbccp32.lib /MANIFEST /MANIFESTUAC:"level='asInvoker' uiAccess='false'" /manifest:embed /DEBUG /PDB:"C:\Users\Timothy\Projects\SpaceRace\SpaceRace\Release\SpaceRace.pdb" /SUBSYSTEM:CONSOLE /OPT:REF /OPT:ICF /LTCG /TLBID:1 /DYNAMICBASE /NXCOMPAT /IMPLIB:"C:\Users\Timothy\Projects\SpaceRace\SpaceRace\Release\SpaceRace.lib" /MACHINE:X86 /SAFESEH Release\Mesh.obj
         Release\Model.obj
         Release\Shader.obj
         Release\SpaceRace.obj
         Release\stdafx.obj
         Generating code
         Finished generating code
         SpaceRace.vcxproj -> C:\Users\Timothy\Projects\SpaceRace\SpaceRace\Release\SpaceRace.exe
     1>Done Building Project "C:\Users\Timothy\Projects\SpaceRace\SpaceRace\SpaceRace\SpaceRace.vcxproj" (Build target(s)).

Build succeeded.

Time Elapsed 00:00:01.18
